# JRE version: OpenJDK Runtime Environment (Zulu11.37+17-CA) (11.0.6+10) (build 11.0.6+10-LTS)
# Java VM: OpenJDK 64-Bit Server VM (11.0.6+10-LTS, mixed mode, tiered, compressed oops, g1 gc, linux-amd64)
Heap:
 garbage-first heap   total 74752K, used 25816K [0x00000000e1000000, 0x0000000100000000)
  region size 1024K, 3 young (3072K), 0 survivors (0K)
 Metaspace       used 55548K, capacity 56794K, committed 57032K, reserved 1099776K
  class space    used 6153K, capacity 6660K, committed 6784K, reserved 1048576K
GC Heap History (20 events):
Event: 32.030 GC heap before
{Heap before GC invocations=30 (full 0):
 garbage-first heap   total 39936K, used 27653K [0x00000000e1000000, 0x0000000100000000)
  region size 1024K, 7 young (7168K), 1 survivors (1024K)
 Metaspace       used 46238K, capacity 47183K, committed 47432K, reserved 1091584K
  class space    used 5173K, capacity 5553K, committed 5632K, reserved 1048576K
}
Event: 32.049 GC heap after
{Heap after GC invocations=31 (full 0):
 garbage-first heap   total 39936K, used 21751K [0x00000000e1000000, 0x0000000100000000)
  region size 1024K, 1 young (1024K), 1 survivors (1024K)
 Metaspace       used 46238K, capacity 47183K, committed 47432K, reserved 1091584K
  class space    used 5173K, capacity 5553K, committed 5632K, reserved 1048576K
}
Event: 32.379 GC heap before
{Heap before GC invocations=31 (full 0):
 garbage-first heap   total 39936K, used 28919K [0x00000000e1000000, 0x0000000100000000)
  region size 1024K, 8 young (8192K), 1 survivors (1024K)
 Metaspace       used 46281K, capacity 47189K, committed 47432K, reserved 1091584K
  class space    used 5178K, capacity 5555K, committed 5632K, reserved 1048576K
}
Event: 32.397 GC heap after
{Heap after GC invocations=32 (full 0):
 garbage-first heap   total 39936K, used 22200K [0x00000000e1000000, 0x0000000100000000)
  region size 1024K, 1 young (1024K), 1 survivors (1024K)
 Metaspace       used 46281K, capacity 47189K, committed 47432K, reserved 1091584K
  class space    used 5178K, capacity 5555K, committed 5632K, reserved 1048576K
}
Event: 32.897 GC heap before
{Heap before GC invocations=33 (full 0):
 garbage-first heap   total 39936K, used 29368K [0x00000000e1000000, 0x0000000100000000)
  region size 1024K, 8 young (8192K), 1 survivors (1024K)
 Metaspace       used 46556K, capacity 47425K, committed 47688K, reserved 1091584K
  class space    used 5199K, capacity 5569K, committed 5632K, reserved 1048576K
}
Event: 32.907 GC heap after
{Heap after GC invocations=34 (full 0):
 garbage-first heap   total 39936K, used 22570K [0x00000000e1000000, 0x0000000100000000)
  region size 1024K, 1 young (1024K), 1 survivors (1024K)
 Metaspace       used 46556K, capacity 47425K, committed 47688K, reserved 1091584K
  class space    used 5199K, capacity 5569K, committed 5632K, reserved 1048576K
}
Event: 33.493 GC heap before
{Heap before GC invocations=34 (full 0):
 garbage-first heap   total 39936K, used 28714K [0x00000000e1000000, 0x0000000100000000)
  region size 1024K, 8 young (8192K), 1 survivors (1024K)
 Metaspace       used 46745K, capacity 47649K, committed 47944K, reserved 1091584K
  class space    used 5210K, capacity 5577K, committed 5632K, reserved 1048576K
}
Event: 33.519 GC heap after
{Heap after GC invocations=35 (full 0):
 garbage-first heap   total 52224K, used 23263K [0x00000000e1000000, 0x0000000100000000)
  region size 1024K, 1 young (1024K), 1 survivors (1024K)
 Metaspace       used 46745K, capacity 47649K, committed 47944K, reserved 1091584K
  class space    used 5210K, capacity 5577K, committed 5632K, reserved 1048576K
}
Event: 34.377 GC heap before
{Heap before GC invocations=36 (full 0):
 garbage-first heap   total 52224K, used 34527K [0x00000000e1000000, 0x0000000100000000)
  region size 1024K, 12 young (12288K), 1 survivors (1024K)
 Metaspace       used 47119K, capacity 48099K, committed 48200K, reserved 1091584K
  class space    used 5232K, capacity 5616K, committed 5632K, reserved 1048576K
}
Event: 34.408 GC heap after
{Heap after GC invocations=37 (full 0):
 garbage-first heap   total 52224K, used 23835K [0x00000000e1000000, 0x0000000100000000)
  region size 1024K, 2 young (2048K), 2 survivors (2048K)
 Metaspace       used 47119K, capacity 48099K, committed 48200K, reserved 1091584K
  class space    used 5232K, capacity 5616K, committed 5632K, reserved 1048576K
}
Event: 35.179 GC heap before
{Heap before GC invocations=37 (full 0):
 garbage-first heap   total 52224K, used 34075K [0x00000000e1000000, 0x0000000100000000)
  region size 1024K, 13 young (13312K), 2 survivors (2048K)
 Metaspace       used 48320K, capacity 49300K, committed 49608K, reserved 1093632K
  class space    used 5339K, capacity 5737K, committed 5760K, reserved 1048576K
}
Event: 35.202 GC heap after
{Heap after GC invocations=38 (full 0):
 garbage-first heap   total 52224K, used 24846K [0x00000000e1000000, 0x0000000100000000)
  region size 1024K, 2 young (2048K), 2 survivors (2048K)
 Metaspace       used 48320K, capacity 49300K, committed 49608K, reserved 1093632K
  class space    used 5339K, capacity 5737K, committed 5760K, reserved 1048576K
}
Event: 35.993 GC heap before
{Heap before GC invocations=38 (full 0):
 garbage-first heap   total 52224K, used 36110K [0x00000000e1000000, 0x0000000100000000)
  region size 1024K, 13 young (13312K), 2 survivors (2048K)
 Metaspace       used 49763K, capacity 50740K, committed 50760K, reserved 1093632K
  class space    used 5468K, capacity 5875K, committed 5888K, reserved 1048576K
}
Event: 36.007 GC heap after
{Heap after GC invocations=39 (full 0):
 garbage-first heap   total 52224K, used 25303K [0x00000000e1000000, 0x0000000100000000)
  region size 1024K, 2 young (2048K), 2 survivors (2048K)
 Metaspace       used 49763K, capacity 50740K, committed 50760K, reserved 1093632K
  class space    used 5468K, capacity 5875K, committed 5888K, reserved 1048576K
}
Event: 36.618 GC heap before
{Heap before GC invocations=39 (full 0):
 garbage-first heap   total 52224K, used 36567K [0x00000000e1000000, 0x0000000100000000)
  region size 1024K, 13 young (13312K), 2 survivors (2048K)
 Metaspace       used 49935K, capacity 50979K, committed 51144K, reserved 1095680K
  class space    used 5483K, capacity 5889K, committed 6016K, reserved 1048576K
}
Event: 36.634 GC heap after
{Heap after GC invocations=40 (full 0):
 garbage-first heap   total 74752K, used 25801K [0x00000000e1000000, 0x0000000100000000)
  region size 1024K, 1 young (1024K), 1 survivors (1024K)
 Metaspace       used 49935K, capacity 50979K, committed 51144K, reserved 1095680K
  class space    used 5483K, capacity 5889K, committed 6016K, reserved 1048576K
}
Event: 37.419 GC heap before
{Heap before GC invocations=41 (full 0):
 garbage-first heap   total 74752K, used 46281K [0x00000000e1000000, 0x0000000100000000)
  region size 1024K, 21 young (21504K), 1 survivors (1024K)
 Metaspace       used 51428K, capacity 52489K, committed 52808K, reserved 1095680K
  class space    used 5653K, capacity 6074K, committed 6144K, reserved 1048576K
}
Event: 37.445 GC heap after
{Heap after GC invocations=42 (full 0):
 garbage-first heap   total 74752K, used 26704K [0x00000000e1000000, 0x0000000100000000)
  region size 1024K, 2 young (2048K), 2 survivors (2048K)
 Metaspace       used 51428K, capacity 52489K, committed 52808K, reserved 1095680K
  class space    used 5653K, capacity 6074K, committed 6144K, reserved 1048576K
}
Event: 64.226 GC heap before
{Heap before GC invocations=42 (full 0):
 garbage-first heap   total 74752K, used 48208K [0x00000000e1000000, 0x0000000100000000)
  region size 1024K, 25 young (25600K), 2 survivors (2048K)
 Metaspace       used 55536K, capacity 56799K, committed 57032K, reserved 1099776K
  class space    used 6155K, capacity 6662K, committed 6784K, reserved 1048576K
}
Event: 64.356 GC heap after
{Heap after GC invocations=43 (full 1):
 garbage-first heap   total 74752K, used 24792K [0x00000000e1000000, 0x0000000100000000)
  region size 1024K, 0 young (0K), 0 survivors (0K)
 Metaspace       used 55533K, capacity 56793K, committed 57032K, reserved 1099776K
  class space    used 6153K, capacity 6660K, committed 6784K, reserved 1048576K
}

